#
# There is insufficient memory for the Java Runtime Environment to continue.
# Native memory allocation (malloc) failed to allocate 1428176 bytes for Chunk::new
# Possible reasons:
#   The system is out of physical RAM or swap space
#   In 32 bit mode, the process size limit was hit
# Possible solutions:
#   Reduce memory load on the system
#   Increase physical memory or swap space
#   Check if swap backing store is full
#   Use 64 bit Java on a 64 bit OS
#   Decrease Java heap size (-Xmx/-Xms)
#   Decrease number of Java threads
#   Decrease Java thread stack sizes (-Xss)
#   Set larger code cache with -XX:ReservedCodeCacheSize=
# This output file may be truncated or incomplete.
#
#  Out of Memory Error (allocation.cpp:390), pid=2676, tid=0x00000000000028fc
#
# JRE version: Java(TM) SE Runtime Environment (8.0_171-b11) (build 1.8.0_171-b11)
# Java VM: Java HotSpot(TM) 64-Bit Server VM (25.171-b11 mixed mode windows-amd64 compressed oops)
# Failed to write core dump. Minidumps are not enabled by default on client versions of Windows
#

---------------  T H R E A D  ---------------

Current thread (0x000000001e5e5000):  JavaThread "C2 CompilerThread0" daemon [_thread_in_native, id=10492, stack(0x000000001edc0000,0x000000001eec0000)]

Stack: [0x000000001edc0000,0x000000001eec0000]
[error occurred during error reporting (printing stack bounds), id 0xc0000005]

Native frames: (J=compiled Java code, j=interpreted, Vv=VM code, C=native code)


Current CompileTask:
C2:  15454 3612       4       java.util.function.BiPredicate$$Lambda$63/549020348::test (14 bytes)


---------------  P R O C E S S  ---------------

Java Threads: ( => current thread )
  0x0000000020848000 JavaThread "RMI TCP Connection(3)-127.0.0.1" daemon [_thread_in_native, id=39632, stack(0x0000000022020000,0x0000000022120000)]
  0x00000000203fc800 JavaThread "JMX server connection timeout 21" daemon [_thread_blocked, id=40260, stack(0x0000000021d20000,0x0000000021e20000)]
  0x0000000020851800 JavaThread "RMI TCP Connection(2)-127.0.0.1" daemon [_thread_in_native, id=8672, stack(0x0000000021b20000,0x0000000021c20000)]
  0x00000000208bc800 JavaThread "RMI Scheduler(0)" daemon [_thread_blocked, id=16324, stack(0x0000000021a20000,0x0000000021b20000)]
  0x0000000020743000 JavaThread "RMI TCP Connection(1)-127.0.0.1" daemon [_thread_in_native, id=30988, stack(0x0000000021920000,0x0000000021a20000)]
  0x0000000020468800 JavaThread "restartedMain" [_thread_in_Java, id=32412, stack(0x0000000021620000,0x0000000021720000)]
  0x0000000020465000 JavaThread "Thread-1" [_thread_blocked, id=30784, stack(0x0000000021520000,0x0000000021620000)]
  0x000000001fe2d800 JavaThread "RMI TCP Accept-0" daemon [_thread_in_native, id=27912, stack(0x0000000020fd0000,0x00000000210d0000)]
  0x000000001fe46000 JavaThread "RMI TCP Accept-56845" daemon [_thread_in_native, id=36912, stack(0x0000000020ed0000,0x0000000020fd0000)]
  0x000000001fe4a000 JavaThread "RMI TCP Accept-0" daemon [_thread_in_native, id=14696, stack(0x0000000020dd0000,0x0000000020ed0000)]
  0x000000001e656000 JavaThread "Service Thread" daemon [_thread_blocked, id=31676, stack(0x000000001f1c0000,0x000000001f2c0000)]
  0x000000001e651000 JavaThread "C1 CompilerThread3" daemon [_thread_blocked, id=16900, stack(0x000000001f0c0000,0x000000001f1c0000)]
  0x000000001e647000 JavaThread "C2 CompilerThread2" daemon [_thread_in_native, id=13444, stack(0x000000001efc0000,0x000000001f0c0000)]
  0x000000001e643800 JavaThread "C2 CompilerThread1" daemon [_thread_in_native, id=30816, stack(0x000000001eec0000,0x000000001efc0000)]
=>0x000000001e5e5000 JavaThread "C2 CompilerThread0" daemon [_thread_in_native, id=10492, stack(0x000000001edc0000,0x000000001eec0000)]
  0x000000001e5f5800 JavaThread "Attach Listener" daemon [_thread_blocked, id=20416, stack(0x000000001ecc0000,0x000000001edc0000)]
  0x000000001e5f4800 JavaThread "Signal Dispatcher" daemon [_thread_blocked, id=21508, stack(0x000000001ebc0000,0x000000001ecc0000)]
  0x000000001e5e0800 JavaThread "Finalizer" daemon [_thread_blocked, id=17476, stack(0x000000001e9c0000,0x000000001eac0000)]
  0x000000001c6fd000 JavaThread "Reference Handler" daemon [_thread_blocked, id=41092, stack(0x000000001e4c0000,0x000000001e5c0000)]
  0x0000000002bf2800 JavaThread "main" [_thread_blocked, id=37588, stack(0x0000000002af0000,0x0000000002bf0000)]

Other Threads:
  0x000000001c6f9000 VMThread [stack: 0x000000001e3c0000,0x000000001e4c0000] [id=42728]
  0x000000001fe32800 WatcherThread [stack: 0x00000000210d0000,0x00000000211d0000] [id=40972]

VM state:not at safepoint (normal execution)

VM Mutex/Monitor currently owned by a thread: None

Heap:
 PSYoungGen      total 203776K, used 12552K [0x000000076b500000, 0x000000077a100000, 0x00000007c0000000)
  eden space 190464K, 6% used [0x000000076b500000,0x000000076c1422b0,0x0000000776f00000)
  from space 13312K, 0% used [0x0000000777c00000,0x0000000777c00000,0x0000000778900000)
  to   space 13312K, 0% used [0x0000000776f00000,0x0000000776f00000,0x0000000777c00000)
 ParOldGen       total 151552K, used 14074K [0x00000006c1e00000, 0x00000006cb200000, 0x000000076b500000)
  object space 151552K, 9% used [0x00000006c1e00000,0x00000006c2bbe8a8,0x00000006cb200000)
 Metaspace       used 34636K, capacity 36734K, committed 36736K, reserved 1081344K
  class space    used 4592K, capacity 4991K, committed 4992K, reserved 1048576K

Card table byte_map: [0x00000000120b0000,0x00000000128b0000] byte_map_base: 0x000000000eaa1000

Marking Bits: (ParMarkBitMap*) 0x000000005c6908c0
 Begin Bits: [0x0000000013600000, 0x0000000017588000)
 End Bits:   [0x0000000017588000, 0x000000001b510000)

Polling page: 0x0000000001120000

CodeCache: size=245760Kb used=12463Kb max_used=12463Kb free=233296Kb
 bounds [0x0000000002cf0000, 0x0000000003930000, 0x0000000011cf0000]
 total_blobs=3871 nmethods=3460 adapters=323
 compilation: enabled

Compilation events (10 events):
Event: 15.383 Thread 0x000000001e651000 3665       3       org.springframework.boot.context.properties.bind.BindConverter::convert (25 bytes)
Event: 15.384 Thread 0x000000001e651000 nmethod 3665 0x0000000003923590 code [0x0000000003923740, 0x0000000003923be8]
Event: 15.435 Thread 0x000000001e651000 3667       3       org.springframework.boot.context.properties.bind.Binder::findProperty (75 bytes)
Event: 15.435 Thread 0x000000001e651000 nmethod 3667 0x0000000003923dd0 code [0x0000000003923fe0, 0x0000000003924b28]
Event: 15.435 Thread 0x000000001e651000 3668       3       org.springframework.boot.context.properties.bind.AbstractBindHandler::onFinish (15 bytes)
Event: 15.436 Thread 0x000000001e651000 nmethod 3668 0x0000000003924f90 code [0x0000000003925100, 0x0000000003925328]
Event: 15.436 Thread 0x000000001e651000 3669       3       org.springframework.boot.context.properties.bind.BindConverter::convert (14 bytes)
Event: 15.436 Thread 0x000000001e651000 nmethod 3669 0x0000000003925410 code [0x00000000039255c0, 0x0000000003925c88]
Event: 15.437 Thread 0x000000001e651000 3670       3       org.springframework.core.convert.support.GenericConversionService$ConverterCacheKey::hashCode (19 bytes)
Event: 15.438 Thread 0x000000001e651000 nmethod 3670 0x0000000003925f50 code [0x00000000039260e0, 0x00000000039266b8]

GC Heap History (10 events):
Event: 10.266 GC heap before
{Heap before GC invocations=4 (full 1):
 PSYoungGen      total 75776K, used 65526K [0x000000076b500000, 0x0000000774980000, 0x00000007c0000000)
  eden space 65536K, 99% used [0x000000076b500000,0x000000076f4fd8d0,0x000000076f500000)
  from space 10240K, 0% used [0x0000000773f80000,0x0000000773f80000,0x0000000774980000)
  to   space 10752K, 0% used [0x0000000773480000,0x0000000773480000,0x0000000773f00000)
 ParOldGen       total 108544K, used 9830K [0x00000006c1e00000, 0x00000006c8800000, 0x000000076b500000)
  object space 108544K, 9% used [0x00000006c1e00000,0x00000006c2799ba0,0x00000006c8800000)
 Metaspace       used 24013K, capacity 25118K, committed 25344K, reserved 1071104K
  class space    used 3021K, capacity 3278K, committed 3328K, reserved 1048576K
Event: 10.275 GC heap after
Heap after GC invocations=4 (full 1):
 PSYoungGen      total 106496K, used 5751K [0x000000076b500000, 0x0000000774000000, 0x00000007c0000000)
  eden space 100352K, 0% used [0x000000076b500000,0x000000076b500000,0x0000000771700000)
  from space 6144K, 93% used [0x0000000773480000,0x0000000773a1de40,0x0000000773a80000)
  to   space 5632K, 0% used [0x0000000773a80000,0x0000000773a80000,0x0000000774000000)
 ParOldGen       total 108544K, used 9838K [0x00000006c1e00000, 0x00000006c8800000, 0x000000076b500000)
  object space 108544K, 9% used [0x00000006c1e00000,0x00000006c279bba0,0x00000006c8800000)
 Metaspace       used 24013K, capacity 25118K, committed 25344K, reserved 1071104K
  class space    used 3021K, capacity 3278K, committed 3328K, reserved 1048576K
}
Event: 11.811 GC heap before
{Heap before GC invocations=5 (full 1):
 PSYoungGen      total 106496K, used 106103K [0x000000076b500000, 0x0000000774000000, 0x00000007c0000000)
  eden space 100352K, 100% used [0x000000076b500000,0x0000000771700000,0x0000000771700000)
  from space 6144K, 93% used [0x0000000773480000,0x0000000773a1de40,0x0000000773a80000)
  to   space 5632K, 0% used [0x0000000773a80000,0x0000000773a80000,0x0000000774000000)
 ParOldGen       total 108544K, used 9838K [0x00000006c1e00000, 0x00000006c8800000, 0x000000076b500000)
  object space 108544K, 9% used [0x00000006c1e00000,0x00000006c279bba0,0x00000006c8800000)
 Metaspace       used 26334K, capacity 27552K, committed 27648K, reserved 1073152K
  class space    used 3269K, capacity 3564K, committed 3584K, reserved 1048576K
Event: 11.824 GC heap after
Heap after GC invocations=5 (full 1):
 PSYoungGen      total 131584K, used 5622K [0x000000076b500000, 0x0000000775f80000, 0x00000007c0000000)
  eden space 125952K, 0% used [0x000000076b500000,0x000000076b500000,0x0000000773000000)
  from space 5632K, 99% used [0x0000000773a80000,0x0000000773ffd9b0,0x0000000774000000)
  to   space 10752K, 0% used [0x0000000773000000,0x0000000773000000,0x0000000773a80000)
 ParOldGen       total 108544K, used 11757K [0x00000006c1e00000, 0x00000006c8800000, 0x000000076b500000)
  object space 108544K, 10% used [0x00000006c1e00000,0x00000006c297b588,0x00000006c8800000)
 Metaspace       used 26334K, capacity 27552K, committed 27648K, reserved 1073152K
  class space    used 3269K, capacity 3564K, committed 3584K, reserved 1048576K
}
Event: 14.266 GC heap before
{Heap before GC invocations=6 (full 1):
 PSYoungGen      total 131584K, used 131574K [0x000000076b500000, 0x0000000775f80000, 0x00000007c0000000)
  eden space 125952K, 100% used [0x000000076b500000,0x0000000773000000,0x0000000773000000)
  from space 5632K, 99% used [0x0000000773a80000,0x0000000773ffd9b0,0x0000000774000000)
  to   space 10752K, 0% used [0x0000000773000000,0x0000000773000000,0x0000000773a80000)
 ParOldGen       total 108544K, used 11757K [0x00000006c1e00000, 0x00000006c8800000, 0x000000076b500000)
  object space 108544K, 10% used [0x00000006c1e00000,0x00000006c297b588,0x00000006c8800000)
 Metaspace       used 31563K, capacity 33124K, committed 33408K, reserved 1079296K
  class space    used 4104K, capacity 4446K, committed 4480K, reserved 1048576K
Event: 14.283 GC heap after
Heap after GC invocations=6 (full 1):
 PSYoungGen      total 136704K, used 10729K [0x000000076b500000, 0x0000000778900000, 0x00000007c0000000)
  eden space 125952K, 0% used [0x000000076b500000,0x000000076b500000,0x0000000773000000)
  from space 10752K, 99% used [0x0000000773000000,0x0000000773a7a470,0x0000000773a80000)
  to   space 13312K, 0% used [0x0000000777c00000,0x0000000777c00000,0x0000000778900000)
 ParOldGen       total 108544K, used 13742K [0x00000006c1e00000, 0x00000006c8800000, 0x000000076b500000)
  object space 108544K, 12% used [0x00000006c1e00000,0x00000006c2b6bbb0,0x00000006c8800000)
 Metaspace       used 31563K, capacity 33124K, committed 33408K, reserved 1079296K
  class space    used 4104K, capacity 4446K, committed 4480K, reserved 1048576K
}
Event: 15.044 GC heap before
{Heap before GC invocations=7 (full 1):
 PSYoungGen      total 136704K, used 47710K [0x000000076b500000, 0x0000000778900000, 0x00000007c0000000)
  eden space 125952K, 29% used [0x000000076b500000,0x000000076d91d5f8,0x0000000773000000)
  from space 10752K, 99% used [0x0000000773000000,0x0000000773a7a470,0x0000000773a80000)
  to   space 13312K, 0% used [0x0000000777c00000,0x0000000777c00000,0x0000000778900000)
 ParOldGen       total 108544K, used 13742K [0x00000006c1e00000, 0x00000006c8800000, 0x000000076b500000)
  object space 108544K, 12% used [0x00000006c1e00000,0x00000006c2b6bbb0,0x00000006c8800000)
 Metaspace       used 33658K, capacity 35310K, committed 35416K, reserved 1079296K
  class space    used 4431K, capacity 4803K, committed 4864K, reserved 1048576K
Event: 15.085 GC heap after
Heap after GC invocations=7 (full 1):
 PSYoungGen      total 203776K, used 9234K [0x000000076b500000, 0x000000077a100000, 0x00000007c0000000)
  eden space 190464K, 0% used [0x000000076b500000,0x000000076b500000,0x0000000776f00000)
  from space 13312K, 69% used [0x0000000777c00000,0x0000000778504a80,0x0000000778900000)
  to   space 13312K, 0% used [0x0000000776f00000,0x0000000776f00000,0x0000000777c00000)
 ParOldGen       total 108544K, used 13750K [0x00000006c1e00000, 0x00000006c8800000, 0x000000076b500000)
  object space 108544K, 12% used [0x00000006c1e00000,0x00000006c2b6dbb0,0x00000006c8800000)
 Metaspace       used 33658K, capacity 35310K, committed 35416K, reserved 1079296K
  class space    used 4431K, capacity 4803K, committed 4864K, reserved 1048576K
}
Event: 15.085 GC heap before
{Heap before GC invocations=8 (full 2):
 PSYoungGen      total 203776K, used 9234K [0x000000076b500000, 0x000000077a100000, 0x00000007c0000000)
  eden space 190464K, 0% used [0x000000076b500000,0x000000076b500000,0x0000000776f00000)
  from space 13312K, 69% used [0x0000000777c00000,0x0000000778504a80,0x0000000778900000)
  to   space 13312K, 0% used [0x0000000776f00000,0x0000000776f00000,0x0000000777c00000)
 ParOldGen       total 108544K, used 13750K [0x00000006c1e00000, 0x00000006c8800000, 0x000000076b500000)
  object space 108544K, 12% used [0x00000006c1e00000,0x00000006c2b6dbb0,0x00000006c8800000)
 Metaspace       used 33658K, capacity 35310K, committed 35416K, reserved 1079296K
  class space    used 4431K, capacity 4803K, committed 4864K, reserved 1048576K
Event: 15.166 GC heap after
Heap after GC invocations=8 (full 2):
 PSYoungGen      total 203776K, used 0K [0x000000076b500000, 0x000000077a100000, 0x00000007c0000000)
  eden space 190464K, 0% used [0x000000076b500000,0x000000076b500000,0x0000000776f00000)
  from space 13312K, 0% used [0x0000000777c00000,0x0000000777c00000,0x0000000778900000)
  to   space 13312K, 0% used [0x0000000776f00000,0x0000000776f00000,0x0000000777c00000)
 ParOldGen       total 151552K, used 14074K [0x00000006c1e00000, 0x00000006cb200000, 0x000000076b500000)
  object space 151552K, 9% used [0x00000006c1e00000,0x00000006c2bbe8a8,0x00000006cb200000)
 Metaspace       used 33658K, capacity 35310K, committed 35416K, reserved 1079296K
  class space    used 4431K, capacity 4803K, committed 4864K, reserved 1048576K
}

Deoptimization events (10 events):
Event: 14.840 Thread 0x0000000020468800 Uncommon trap: reason=bimorphic action=maybe_recompile pc=0x00000000033f6280 method=java.util.ArrayList.indexOf(Ljava/lang/Object;)I @ 51
Event: 14.840 Thread 0x0000000020468800 Uncommon trap: reason=bimorphic action=maybe_recompile pc=0x00000000033f6280 method=java.util.ArrayList.indexOf(Ljava/lang/Object;)I @ 51
Event: 14.840 Thread 0x0000000020468800 Uncommon trap: reason=bimorphic action=maybe_recompile pc=0x00000000033f6280 method=java.util.ArrayList.indexOf(Ljava/lang/Object;)I @ 51
Event: 14.840 Thread 0x0000000020468800 Uncommon trap: reason=bimorphic action=maybe_recompile pc=0x00000000033f6280 method=java.util.ArrayList.indexOf(Ljava/lang/Object;)I @ 51
Event: 14.920 Thread 0x0000000020468800 Uncommon trap: reason=class_check action=maybe_recompile pc=0x0000000003305670 method=java.util.regex.Pattern$Slice.match(Ljava/util/regex/Matcher;ILjava/lang/CharSequence;)Z @ 75
Event: 14.921 Thread 0x0000000020468800 Uncommon trap: reason=class_check action=maybe_recompile pc=0x0000000003305670 method=java.util.regex.Pattern$Slice.match(Ljava/util/regex/Matcher;ILjava/lang/CharSequence;)Z @ 75
Event: 14.921 Thread 0x0000000020468800 Uncommon trap: reason=class_check action=maybe_recompile pc=0x0000000003305670 method=java.util.regex.Pattern$Slice.match(Ljava/util/regex/Matcher;ILjava/lang/CharSequence;)Z @ 75
Event: 14.921 Thread 0x0000000020468800 Uncommon trap: reason=class_check action=maybe_recompile pc=0x0000000003305670 method=java.util.regex.Pattern$Slice.match(Ljava/util/regex/Matcher;ILjava/lang/CharSequence;)Z @ 75
Event: 15.277 Thread 0x0000000020468800 Uncommon trap: reason=unstable_if action=reinterpret pc=0x000000000369ec90 method=org.springframework.boot.context.properties.source.SpringConfigurationPropertySources$SourcesIterator.fetchNext()Lorg/springframework/boot/context/properties/source/Configur
Event: 15.284 Thread 0x0000000020468800 Uncommon trap: reason=bimorphic action=maybe_recompile pc=0x0000000003894eac method=java.util.Collections$SetFromMap.contains(Ljava/lang/Object;)Z @ 5

Classes redefined (0 events):
No events

Internal exceptions (10 events):
Event: 14.927 Thread 0x0000000020468800 Exception <a 'java/lang/ClassNotFoundException': org/springframework/beans/factory/config/InstantiationAwareBeanPostProcessorCustomizer> (0x000000076d0bb1a0) thrown at [C:\re\workspace\8-2-build-windows-amd64-cygwin\jdk8u171\10807\hotspot\src\share\vm\cla
Event: 14.927 Thread 0x0000000020468800 Exception <a 'java/lang/ClassNotFoundException': org/springframework/beans/factory/config/BeanPostProcessorCustomizer> (0x000000076d0ef2e0) thrown at [C:\re\workspace\8-2-build-windows-amd64-cygwin\jdk8u171\10807\hotspot\src\share\vm\classfile\systemDicti
Event: 14.928 Thread 0x0000000020468800 Exception <a 'java/lang/ClassNotFoundException': org/springframework/beans/factory/BeanFactoryAwareCustomizer> (0x000000076d11c2a0) thrown at [C:\re\workspace\8-2-build-windows-amd64-cygwin\jdk8u171\10807\hotspot\src\share\vm\classfile\systemDictionary.cp
Event: 14.929 Thread 0x0000000020468800 Exception <a 'java/lang/ClassNotFoundException': org/springframework/beans/factory/AwareCustomizer> (0x000000076d142e18) thrown at [C:\re\workspace\8-2-build-windows-amd64-cygwin\jdk8u171\10807\hotspot\src\share\vm\classfile\systemDictionary.cpp, line 210
Event: 14.929 Thread 0x0000000020468800 Exception <a 'java/lang/ClassNotFoundException': org/springframework/core/OrderedCustomizer> (0x000000076d163f78) thrown at [C:\re\workspace\8-2-build-windows-amd64-cygwin\jdk8u171\10807\hotspot\src\share\vm\classfile\systemDictionary.cpp, line 210]
Event: 14.930 Thread 0x0000000020468800 Exception <a 'java/lang/ClassNotFoundException': org/springframework/beans/factory/BeanClassLoaderAwareCustomizer> (0x000000076d192338) thrown at [C:\re\workspace\8-2-build-windows-amd64-cygwin\jdk8u171\10807\hotspot\src\share\vm\classfile\systemDictionar
Event: 14.931 Thread 0x0000000020468800 Exception <a 'java/lang/ClassNotFoundException': org/springframework/beans/factory/AwareCustomizer> (0x000000076d1b8918) thrown at [C:\re\workspace\8-2-build-windows-amd64-cygwin\jdk8u171\10807\hotspot\src\share\vm\classfile\systemDictionary.cpp, line 210
Event: 14.931 Thread 0x0000000020468800 Exception <a 'java/lang/ClassNotFoundException': org/springframework/aop/framework/AopInfrastructureBeanCustomizer> (0x000000076d1e6028) thrown at [C:\re\workspace\8-2-build-windows-amd64-cygwin\jdk8u171\10807\hotspot\src\share\vm\classfile\systemDictiona
Event: 15.026 Thread 0x0000000020468800 Exception <a 'java/lang/NoSuchMethodError': java.lang.Object.lambda$map$1(Ljava/util/function/Function;)Ljava/util/stream/Stream;> (0x000000076d6958d8) thrown at [C:\re\workspace\8-2-build-windows-amd64-cygwin\jdk8u171\10807\hotspot\src\share\vm\interpret
Event: 15.329 Thread 0x0000000020468800 Exception <a 'java/lang/IncompatibleClassChangeError': Found class java.lang.Object, but interface was expected> (0x000000076bcd5e60) thrown at [C:\re\workspace\8-2-build-windows-amd64-cygwin\jdk8u171\10807\hotspot\src\share\vm\interpreter\linkResolver.cp

Events (10 events):
Event: 15.445 loading class org/springframework/web/context/support/ServletRequestHandledEvent
Event: 15.445 loading class org/springframework/web/context/support/ServletRequestHandledEvent done
Event: 15.445 loading class org/springframework/web/context/support/RequestHandledEvent
Event: 15.445 loading class org/springframework/web/context/support/RequestHandledEvent done
Event: 15.446 loading class org/springframework/web/multipart/MultipartException
Event: 15.446 loading class org/springframework/web/multipart/MultipartException done
Event: 15.447 loading class javax/servlet/http/HttpServletRequest
Event: 15.447 loading class javax/servlet/http/HttpServletRequest done
Event: 15.448 loading class org/springframework/web/servlet/NoHandlerFoundException
Event: 15.448 loading class org/springframework/web/servlet/NoHandlerFoundException done


Dynamic libraries:
0x00007ff7ea170000 - 0x00007ff7ea1a7000 	C:\Program Files\Java\jdk1.8.0_171\bin\java.exe
0x00007ffc4f0b0000 - 0x00007ffc4f2c7000 	C:\WINDOWS\SYSTEM32\ntdll.dll
0x00007ffc4ebe0000 - 0x00007ffc4eca4000 	C:\WINDOWS\System32\KERNEL32.DLL
0x00007ffc4c7b0000 - 0x00007ffc4cb5c000 	C:\WINDOWS\System32\KERNELBASE.dll
0x00007ffc4ecb0000 - 0x00007ffc4ed62000 	C:\WINDOWS\System32\ADVAPI32.dll
0x00007ffc4e090000 - 0x00007ffc4e137000 	C:\WINDOWS\System32\msvcrt.dll
0x00007ffc4e530000 - 0x00007ffc4e5da000 	C:\WINDOWS\System32\sechost.dll
0x00007ffc4cbe0000 - 0x00007ffc4cc08000 	C:\WINDOWS\System32\bcrypt.dll
0x00007ffc4e140000 - 0x00007ffc4e255000 	C:\WINDOWS\System32\RPCRT4.dll
0x00007ffc4d800000 - 0x00007ffc4d9ae000 	C:\WINDOWS\System32\USER32.dll
0x00007ffc4c3e0000 - 0x00007ffc4c406000 	C:\WINDOWS\System32\win32u.dll
0x00007ffc4df00000 - 0x00007ffc4df29000 	C:\WINDOWS\System32\GDI32.dll
0x00007ffc4c580000 - 0x00007ffc4c699000 	C:\WINDOWS\System32\gdi32full.dll
0x00007ffc4c710000 - 0x00007ffc4c7aa000 	C:\WINDOWS\System32\msvcp_win.dll
0x00007ffc4ccd0000 - 0x00007ffc4cde1000 	C:\WINDOWS\System32\ucrtbase.dll
0x00007ffc23fc0000 - 0x00007ffc24253000 	C:\WINDOWS\WinSxS\amd64_microsoft.windows.common-controls_6595b64144ccf1df_6.0.22621.3672_none_2713b9d173822955\COMCTL32.dll
0x00007ffc4ef30000 - 0x00007ffc4ef61000 	C:\WINDOWS\System32\IMM32.DLL
0x0000000001140000 - 0x0000000001154000 	C:\WINDOWS\System32\umppc18511.dll
0x0000000002930000 - 0x0000000002942000 	C:\WINDOWS\System32\CsXumd64_18511.dll
0x000000005e020000 - 0x000000005e0f2000 	C:\Program Files\Java\jdk1.8.0_171\jre\bin\msvcr100.dll
0x000000005be70000 - 0x000000005c710000 	C:\Program Files\Java\jdk1.8.0_171\jre\bin\server\jvm.dll
0x00007ffc4ee70000 - 0x00007ffc4ee78000 	C:\WINDOWS\System32\PSAPI.DLL
0x00007ffc2aad0000 - 0x00007ffc2aad9000 	C:\WINDOWS\SYSTEM32\WSOCK32.dll
0x00007ffc4e450000 - 0x00007ffc4e4c1000 	C:\WINDOWS\System32\WS2_32.dll
0x00007ffc3b1a0000 - 0x00007ffc3b1d4000 	C:\WINDOWS\SYSTEM32\WINMM.dll
0x00007ffc449a0000 - 0x00007ffc449aa000 	C:\WINDOWS\SYSTEM32\VERSION.dll
0x000000005e010000 - 0x000000005e01f000 	C:\Program Files\Java\jdk1.8.0_171\jre\bin\verify.dll
0x000000005dfe0000 - 0x000000005e009000 	C:\Program Files\Java\jdk1.8.0_171\jre\bin\java.dll
0x000000005df90000 - 0x000000005dfa6000 	C:\Program Files\Java\jdk1.8.0_171\jre\bin\zip.dll
0x00007ffc4cdf0000 - 0x00007ffc4d64c000 	C:\WINDOWS\System32\SHELL32.dll
0x00007ffc4a1a0000 - 0x00007ffc4aa97000 	C:\WINDOWS\SYSTEM32\windows.storage.dll
0x00007ffc4db70000 - 0x00007ffc4def8000 	C:\WINDOWS\System32\combase.dll
0x00007ffc4a010000 - 0x00007ffc4a14f000 	C:\WINDOWS\SYSTEM32\wintypes.dll
0x00007ffc4df30000 - 0x00007ffc4e024000 	C:\WINDOWS\System32\SHCORE.dll
0x00007ffc4e4d0000 - 0x00007ffc4e52e000 	C:\WINDOWS\System32\shlwapi.dll
0x00007ffc4c310000 - 0x00007ffc4c331000 	C:\WINDOWS\SYSTEM32\profapi.dll
0x000000005df40000 - 0x000000005df4d000 	C:\Program Files\Java\jdk1.8.0_171\jre\bin\management.dll
0x000000005df70000 - 0x000000005df8a000 	C:\Program Files\Java\jdk1.8.0_171\jre\bin\net.dll
0x00007ffc4b880000 - 0x00007ffc4b8e9000 	C:\WINDOWS\system32\mswsock.dll
0x000000005df50000 - 0x000000005df61000 	C:\Program Files\Java\jdk1.8.0_171\jre\bin\nio.dll
0x00007ffc30c30000 - 0x00007ffc30c47000 	C:\WINDOWS\system32\napinsp.dll
0x00007ffc30c50000 - 0x00007ffc30c6b000 	C:\WINDOWS\system32\pnrpnsp.dll
0x00007ffc4acd0000 - 0x00007ffc4adc8000 	C:\WINDOWS\SYSTEM32\DNSAPI.dll
0x00007ffc4aca0000 - 0x00007ffc4accd000 	C:\WINDOWS\SYSTEM32\IPHLPAPI.DLL
0x00007ffc4ebd0000 - 0x00007ffc4ebd9000 	C:\WINDOWS\System32\NSI.dll
0x00007ffc30b90000 - 0x00007ffc30ba1000 	C:\WINDOWS\System32\winrnr.dll
0x00007ffc30cb0000 - 0x00007ffc30cc5000 	C:\WINDOWS\system32\wshbth.dll
0x00007ffc30ab0000 - 0x00007ffc30ad7000 	C:\WINDOWS\system32\nlansp_c.dll
0x00007ffc450c0000 - 0x00007ffc450ca000 	C:\Windows\System32\rasadhlp.dll
0x00007ffc480e0000 - 0x00007ffc48163000 	C:\WINDOWS\System32\fwpuclnt.dll
0x00007ffc4bae0000 - 0x00007ffc4bafb000 	C:\WINDOWS\SYSTEM32\CRYPTSP.dll
0x00007ffc4b370000 - 0x00007ffc4b3a5000 	C:\WINDOWS\system32\rsaenh.dll
0x00007ffc4b980000 - 0x00007ffc4b9a8000 	C:\WINDOWS\SYSTEM32\USERENV.dll
0x00007ffc4cb60000 - 0x00007ffc4cbdb000 	C:\WINDOWS\System32\bcryptprimitives.dll
0x00007ffc4bb00000 - 0x00007ffc4bb0c000 	C:\WINDOWS\SYSTEM32\CRYPTBASE.dll
0x00007ffc480c0000 - 0x00007ffc480d9000 	C:\WINDOWS\SYSTEM32\dhcpcsvc6.DLL
0x00007ffc47e30000 - 0x00007ffc47e4f000 	C:\WINDOWS\SYSTEM32\dhcpcsvc.DLL

VM Arguments:
jvm_args: -Dcom.sun.management.jmxremote -Dcom.sun.management.jmxremote.port=56845 -Dcom.sun.management.jmxremote.authenticate=false -Dcom.sun.management.jmxremote.ssl=false -Dspring.jmx.enabled=true -Djava.rmi.server.hostname=localhost -Dspring.application.admin.enabled=true -Dspring.boot.project.name=cassandra-datacrowd -Dmanagement.endpoints.jmx.exposure.include=* 
java_command: com.valoores.cassandradatacrowd.CassandraDatacrowdApplication
java_class_path (initial): C:\Users\lanthony\AppData\Local\Temp\cp_cictst3vqp54ygkwdlta5k10p.jar
Launcher Type: SUN_STANDARD

Environment Variables:
PATH=C:\Program Files\Common Files\Oracle\Java\javapath;C:\Program Files (x86)\Common Files\Oracle\Java\javapath;C:\WINDOWS\system32;C:\WINDOWS;C:\WINDOWS\System32\Wbem;C:\WINDOWS\System32\WindowsPowerShell\v1.0\;C:\WINDOWS\System32\OpenSSH\;C:\Program Files\TortoiseSVN\bin;C:\Program Files\Git\cmd;C:\Users\lanthony\AppData\Roaming\npm;C:\Program Files\nodejs\;C:\Users\lanthony\AppData\Local\Microsoft\WindowsApps;C:\Users\lanthony\AppData\Local\Programs\Microsoft VS Code\bin;C:\Program Files\7-Zip;C:\Users\lanthony\AppData\Roaming\npm
USERNAME=lanthony
OS=Windows_NT
PROCESSOR_IDENTIFIER=Intel64 Family 6 Model 94 Stepping 3, GenuineIntel



---------------  S Y S T E M  ---------------

OS: Windows 10.0 , 64 bit Build 22621 (10.0.22621.3672)

CPU:total 8 (initial active 8) (4 cores per cpu, 2 threads per core) family 6 model 94 stepping 3, cmov, cx8, fxsr, mmx, sse, sse2, sse3, ssse3, sse4.1, sse4.2, popcnt, avx, avx2, aes, clmul, erms, rtm, 3dnowpref, lzcnt, ht, tsc, tscinvbit, bmi1, bmi2, adx

Memory: 4k page, physical 16653528k(459484k free), swap 48331568k(15400k free)

vm_info: Java HotSpot(TM) 64-Bit Server VM (25.171-b11) for windows-amd64 JRE (1.8.0_171-b11), built on Mar 28 2018 16:06:12 by "java_re" with MS VC++ 10.0 (VS2010)

time: Thu Jun 27 15:06:18 2024
elapsed time: 15 seconds (0d 0h 0m 15s)

