#
# There is insufficient memory for the Java Runtime Environment to continue.
# Native memory allocation (mmap) failed to map 268435456 bytes for Failed to commit area from 0x0000000701e00000 to 0x0000000711e00000 of length 268435456.
# Possible reasons:
#   The system is out of physical RAM or swap space
#   The process is running with CompressedOops enabled, and the Java Heap may be blocking the growth of the native heap
# Possible solutions:
#   Reduce memory load on the system
#   Increase physical memory or swap space
#   Check if swap backing store is full
#   Decrease Java heap size (-Xmx/-Xms)
#   Decrease number of Java threads
#   Decrease Java thread stack sizes (-Xss)
#   Set larger code cache with -XX:ReservedCodeCacheSize=
# This output file may be truncated or incomplete.
#
#  Out of Memory Error (./open/src/hotspot/os/windows/os_windows.cpp:3298), pid=3416, tid=30472
#
# JRE version:  (11.0.21+9) (build )
# Java VM: Java HotSpot(TM) 64-Bit Server VM (11.0.21+9-LTS-193, mixed mode, sharing, tiered, compressed oops, g1 gc, windows-amd64)
# No core dump will be written. Minidumps are not enabled by default on client versions of Windows
#

---------------  S U M M A R Y ------------

Command Line: -Dcom.sun.management.jmxremote -Dcom.sun.management.jmxremote.port=63030 -Dcom.sun.management.jmxremote.authenticate=false -Dcom.sun.management.jmxremote.ssl=false -Dspring.jmx.enabled=true -Djava.rmi.server.hostname=localhost -Dspring.application.admin.enabled=true -Dspring.boot.project.name=map-datacrowd -Dmanagement.endpoints.jmx.exposure.include=* com.valoores.datacrowd.MapDatacrowdApplication

Host: Intel(R) Core(TM) i7-6700 CPU @ 3.40GHz, 8 cores, 15G,  Windows 11 , 64 bit Build 22621 (10.0.22621.3672)
Time: Thu Jun 27 15:04:53 2024 Middle East Daylight Time elapsed time: 0.051196 seconds (0d 0h 0m 0s)

---------------  T H R E A D  ---------------

Current thread (0x00000294522c6800):  JavaThread "Unknown thread" [_thread_in_vm, id=30472, stack(0x000000f610b00000,0x000000f610c00000)]

Stack: [0x000000f610b00000,0x000000f610c00000]
Native frames: (J=compiled Java code, j=interpreted, Vv=VM code, C=native code)
V  [jvm.dll+0x66058a]
V  [jvm.dll+0x7a362f]
V  [jvm.dll+0x7a4cf9]
V  [jvm.dll+0x7a5393]
V  [jvm.dll+0x258f55]
V  [jvm.dll+0x65d8e9]
V  [jvm.dll+0x652495]
V  [jvm.dll+0x31367d]
V  [jvm.dll+0x3134e2]
V  [jvm.dll+0x318116]
V  [jvm.dll+0x360210]
V  [jvm.dll+0x35fc82]
V  [jvm.dll+0x2eed08]
V  [jvm.dll+0x2efe15]
V  [jvm.dll+0x77c687]
V  [jvm.dll+0x77df6f]
V  [jvm.dll+0x36d4b9]
V  [jvm.dll+0x76106f]
V  [jvm.dll+0x3df587]
V  [jvm.dll+0x3e1631]
C  [jli.dll+0x52e7]
C  [ucrtbase.dll+0x29333]
C  [KERNEL32.DLL+0x1257d]
C  [ntdll.dll+0x5af28]


---------------  P R O C E S S  ---------------

Threads class SMR info:
_java_thread_list=0x00000294506ba270, length=0, elements={
}

Java Threads: ( => current thread )

Other Threads:
  0x00000294522de000 GCTaskThread "GC Thread#0" [stack: 0x000000f610c00000,0x000000f610d00000] [id=29428]
  0x000002945233c000 ConcurrentGCThread "G1 Main Marker" [stack: 0x000000f610d00000,0x000000f610e00000] [id=40688]
  0x0000029452341800 ConcurrentGCThread "G1 Conc#0" [stack: 0x000000f610e00000,0x000000f610f00000] [id=25196]

[error occurred during error reporting (printing all threads), id 0xc0000005, EXCEPTION_ACCESS_VIOLATION (0xc0000005) at pc=0x00007ffc0c15f7c7]

VM state:not at safepoint (not fully initialized)

VM Mutex/Monitor currently owned by a thread:  ([mutex/lock_event])
[0x00000294522c2340] Heap_lock - owner thread: 0x00000294522c6800

Heap address: 0x0000000701e00000, size: 4066 MB, Compressed Oops mode: Non-zero based: 0x0000000701e00000
Narrow klass base: 0x0000000000000000, Narrow klass shift: 0

GC Heap History (0 events):
No events

Deoptimization events (0 events):
No events

Classes redefined (0 events):
No events

Internal exceptions (0 events):
No events

Events (0 events):
No events


Dynamic libraries:
0x00007ff7aac10000 - 0x00007ff7aac20000 	C:\Program Files\Java\jdk-11\bin\java.exe
0x00007ffc4f0b0000 - 0x00007ffc4f2c7000 	C:\WINDOWS\SYSTEM32\ntdll.dll
0x00007ffc4ebe0000 - 0x00007ffc4eca4000 	C:\WINDOWS\System32\KERNEL32.DLL
0x00007ffc4c7b0000 - 0x00007ffc4cb5c000 	C:\WINDOWS\System32\KERNELBASE.dll
0x00007ffc4ccd0000 - 0x00007ffc4cde1000 	C:\WINDOWS\System32\ucrtbase.dll
0x00007ffc3d360000 - 0x00007ffc3d37b000 	C:\Program Files\Java\jdk-11\bin\VCRUNTIME140.dll
0x00007ffc40f20000 - 0x00007ffc40f39000 	C:\Program Files\Java\jdk-11\bin\jli.dll
0x00007ffc4ecb0000 - 0x00007ffc4ed62000 	C:\WINDOWS\System32\ADVAPI32.dll
0x00007ffc4e090000 - 0x00007ffc4e137000 	C:\WINDOWS\System32\msvcrt.dll
0x00007ffc4e530000 - 0x00007ffc4e5da000 	C:\WINDOWS\System32\sechost.dll
0x00007ffc4cbe0000 - 0x00007ffc4cc08000 	C:\WINDOWS\System32\bcrypt.dll
0x00007ffc4e140000 - 0x00007ffc4e255000 	C:\WINDOWS\System32\RPCRT4.dll
0x00007ffc4d800000 - 0x00007ffc4d9ae000 	C:\WINDOWS\System32\USER32.dll
0x00007ffc23fc0000 - 0x00007ffc24253000 	C:\WINDOWS\WinSxS\amd64_microsoft.windows.common-controls_6595b64144ccf1df_6.0.22621.3672_none_2713b9d173822955\COMCTL32.dll
0x00007ffc4c3e0000 - 0x00007ffc4c406000 	C:\WINDOWS\System32\win32u.dll
0x00007ffc4df00000 - 0x00007ffc4df29000 	C:\WINDOWS\System32\GDI32.dll
0x00007ffc4c580000 - 0x00007ffc4c699000 	C:\WINDOWS\System32\gdi32full.dll
0x00007ffc4c710000 - 0x00007ffc4c7aa000 	C:\WINDOWS\System32\msvcp_win.dll
0x00007ffc449a0000 - 0x00007ffc449aa000 	C:\WINDOWS\SYSTEM32\VERSION.dll
0x00007ffc4ef30000 - 0x00007ffc4ef61000 	C:\WINDOWS\System32\IMM32.DLL
0x0000029452160000 - 0x0000029452174000 	C:\WINDOWS\System32\umppc18511.dll
0x00000294521a0000 - 0x00000294521b2000 	C:\WINDOWS\System32\CsXumd64_18511.dll
0x00007ffc40f50000 - 0x00007ffc40f5c000 	C:\Program Files\Java\jdk-11\bin\vcruntime140_1.dll
0x00007ffc2c560000 - 0x00007ffc2c5ee000 	C:\Program Files\Java\jdk-11\bin\msvcp140.dll
0x00007ffc0be60000 - 0x00007ffc0c9cd000 	C:\Program Files\Java\jdk-11\bin\server\jvm.dll
0x00007ffc4ee70000 - 0x00007ffc4ee78000 	C:\WINDOWS\System32\PSAPI.DLL
0x00007ffc2aad0000 - 0x00007ffc2aad9000 	C:\WINDOWS\SYSTEM32\WSOCK32.dll
0x00007ffc4e450000 - 0x00007ffc4e4c1000 	C:\WINDOWS\System32\WS2_32.dll
0x00007ffc3b1a0000 - 0x00007ffc3b1d4000 	C:\WINDOWS\SYSTEM32\WINMM.dll
0x00007ffc4b410000 - 0x00007ffc4b428000 	C:\WINDOWS\SYSTEM32\kernel.appcore.dll
0x00007ffc40ed0000 - 0x00007ffc40ee0000 	C:\Program Files\Java\jdk-11\bin\verify.dll
0x00007ffc39800000 - 0x00007ffc39a32000 	C:\WINDOWS\SYSTEM32\DBGHELP.DLL
0x00007ffc4db70000 - 0x00007ffc4def8000 	C:\WINDOWS\System32\combase.dll
0x00007ffc4e5e0000 - 0x00007ffc4e6b7000 	C:\WINDOWS\System32\OLEAUT32.dll
0x00007ffc38060000 - 0x00007ffc38092000 	C:\WINDOWS\SYSTEM32\dbgcore.DLL
0x00007ffc4cb60000 - 0x00007ffc4cbdb000 	C:\WINDOWS\System32\bcryptPrimitives.dll
0x00007ffc313f0000 - 0x00007ffc31418000 	C:\Program Files\Java\jdk-11\bin\java.dll
0x00007ffc40e30000 - 0x00007ffc40e3a000 	C:\Program Files\Java\jdk-11\bin\jimage.dll
0x00007ffc31830000 - 0x00007ffc31847000 	C:\Program Files\Java\jdk-11\bin\zip.dll

dbghelp: loaded successfully - version: 4.0.5 - missing functions: none
symbol engine: initialized successfully - sym options: 0x614 - pdb path: .;C:\Program Files\Java\jdk-11\bin;C:\WINDOWS\SYSTEM32;C:\WINDOWS\WinSxS\amd64_microsoft.windows.common-controls_6595b64144ccf1df_6.0.22621.3672_none_2713b9d173822955;C:\Program Files\Java\jdk-11\bin\server

VM Arguments:
jvm_args: -Dcom.sun.management.jmxremote -Dcom.sun.management.jmxremote.port=63030 -Dcom.sun.management.jmxremote.authenticate=false -Dcom.sun.management.jmxremote.ssl=false -Dspring.jmx.enabled=true -Djava.rmi.server.hostname=localhost -Dspring.application.admin.enabled=true -Dspring.boot.project.name=map-datacrowd -Dmanagement.endpoints.jmx.exposure.include=* 
java_command: com.valoores.datacrowd.MapDatacrowdApplication
java_class_path (initial): C:\Users\lanthony\Desktop\V21-VCIS-main\backend\map-datacrowd\target\classes;C:\Users\lanthony\.m2\repository\org\springframework\boot\spring-boot-starter-web\2.5.7\spring-boot-starter-web-2.5.7.jar;C:\Users\lanthony\.m2\repository\org\springframework\boot\spring-boot-starter\2.5.7\spring-boot-starter-2.5.7.jar;C:\Users\lanthony\.m2\repository\org\springframework\boot\spring-boot-starter-logging\2.5.7\spring-boot-starter-logging-2.5.7.jar;C:\Users\lanthony\.m2\repository\ch\qos\logback\logback-classic\1.2.7\logback-classic-1.2.7.jar;C:\Users\lanthony\.m2\repository\ch\qos\logback\logback-core\1.2.7\logback-core-1.2.7.jar;C:\Users\lanthony\.m2\repository\org\apache\logging\log4j\log4j-to-slf4j\2.14.1\log4j-to-slf4j-2.14.1.jar;C:\Users\lanthony\.m2\repository\org\apache\logging\log4j\log4j-api\2.14.1\log4j-api-2.14.1.jar;C:\Users\lanthony\.m2\repository\org\slf4j\jul-to-slf4j\1.7.32\jul-to-slf4j-1.7.32.jar;C:\Users\lanthony\.m2\repository\jakarta\annotation\jakarta.annotation-api\1.3.5\jakarta.annotation-api-1.3.5.jar;C:\Users\lanthony\.m2\repository\org\yaml\snakeyaml\1.28\snakeyaml-1.28.jar;C:\Users\lanthony\.m2\repository\org\springframework\boot\spring-boot-starter-json\2.5.7\spring-boot-starter-json-2.5.7.jar;C:\Users\lanthony\.m2\repository\com\fasterxml\jackson\core\jackson-databind\2.12.5\jackson-databind-2.12.5.jar;C:\Users\lanthony\.m2\repository\com\fasterxml\jackson\datatype\jackson-datatype-jdk8\2.12.5\jackson-datatype-jdk8-2.12.5.jar;C:\Users\lanthony\.m2\repository\com\fasterxml\jackson\datatype\jackson-datatype-jsr310\2.12.5\jackson-datatype-jsr310-2.12.5.jar;C:\Users\lanthony\.m2\repository\com\fasterxml\jackson\module\jackson-module-parameter-names\2.12.5\jackson-module-parameter-names-2.12.5.jar;C:\Users\lanthony\.m2\repository\org\springframework\boot\spring-boot-starter-tomcat\2.5.7\spring-boot-starter-tomcat-2.5.7.jar;C:\Users\lanthony\.m2\repository\org\apache\tomcat\embed\tomcat-embed-core\9.0.55\tomcat-embed-core-9
Launcher Type: SUN_STANDARD

[Global flags]
     intx CICompilerCount                          = 4                                         {product} {ergonomic}
     uint ConcGCThreads                            = 2                                         {product} {ergonomic}
     uint G1ConcRefinementThreads                  = 8                                         {product} {ergonomic}
   size_t G1HeapRegionSize                         = 1048576                                   {product} {ergonomic}
    uintx GCDrainStackTargetSize                   = 64                                        {product} {ergonomic}
   size_t InitialHeapSize                          = 268435456                                 {product} {ergonomic}
     bool ManagementServer                         = true                                      {product} {command line}
   size_t MarkStackSize                            = 4194304                                   {product} {ergonomic}
   size_t MaxHeapSize                              = 4263510016                                {product} {ergonomic}
   size_t MinHeapDeltaBytes                        = 1048576                                   {product} {ergonomic}
    uintx NonNMethodCodeHeapSize                   = 5836300                                {pd product} {ergonomic}
    uintx NonProfiledCodeHeapSize                  = 122910970                              {pd product} {ergonomic}
    uintx ProfiledCodeHeapSize                     = 122910970                              {pd product} {ergonomic}
    uintx ReservedCodeCacheSize                    = 251658240                              {pd product} {ergonomic}
     bool SegmentedCodeCache                       = true                                      {product} {ergonomic}
     bool UseCompressedClassPointers               = true                                 {lp64_product} {ergonomic}
     bool UseCompressedOops                        = true                                 {lp64_product} {ergonomic}
     bool UseG1GC                                  = true                                      {product} {ergonomic}
     bool UseLargePagesIndividualAllocation        = false                                  {pd product} {ergonomic}

Logging:
Log output configuration:
 #0: stdout all=warning uptime,level,tags
 #1: stderr all=off uptime,level,tags

Environment Variables:
PATH=C:\Program Files\Common Files\Oracle\Java\javapath;C:\Program Files (x86)\Common Files\Oracle\Java\javapath;C:\WINDOWS\system32;C:\WINDOWS;C:\WINDOWS\System32\Wbem;C:\WINDOWS\System32\WindowsPowerShell\v1.0\;C:\WINDOWS\System32\OpenSSH\;C:\Program Files\TortoiseSVN\bin;C:\Program Files\Git\cmd;C:\Users\lanthony\AppData\Roaming\npm;C:\Program Files\nodejs\;C:\Users\lanthony\AppData\Local\Microsoft\WindowsApps;C:\Users\lanthony\AppData\Local\Programs\Microsoft VS Code\bin;C:\Program Files\7-Zip;C:\Users\lanthony\AppData\Roaming\npm
USERNAME=lanthony
OS=Windows_NT
PROCESSOR_IDENTIFIER=Intel64 Family 6 Model 94 Stepping 3, GenuineIntel



---------------  S Y S T E M  ---------------

OS: Windows 11 , 64 bit Build 22621 (10.0.22621.3672)

CPU:total 8 (initial active 8) (4 cores per cpu, 2 threads per core) family 6 model 94 stepping 3 microcode 0xd6, cmov, cx8, fxsr, mmx, sse, sse2, sse3, ssse3, sse4.1, sse4.2, popcnt, avx, avx2, aes, clmul, erms, rtm, 3dnowpref, lzcnt, ht, tsc, tscinvbit, bmi1, bmi2, adx, fma

Memory: 4k page, system-wide physical 16263M (799M free)
TotalPageFile size 47198M (AvailPageFile size 163M)
current process WorkingSet (physical memory assigned to process): 11M, peak: 11M
current process commit charge ("private bytes"): 61M, peak: 317M

vm_info: Java HotSpot(TM) 64-Bit Server VM (11.0.21+9-LTS-193) for windows-amd64 JRE (11.0.21+9-LTS-193), built on Sep 13 2023 11:04:38 by "mach5one" with MS VC++ 17.1 (VS2022)

END.
